This file contains any messages produced by compilers while
running configure, to aid debugging if configure makes a mistake.

It was created by configure, which was
generated by GNU Autoconf 2.68.  Invocation command line was

  $ ./configure --enable-gdb-stub --with-nogui2.make3.sudo make install

## --------- ##
## Platform. ##
## --------- ##

hostname = ip-172-31-41-23
uname -m = x86_64
uname -r = 5.4.0-1099-aws
uname -s = Linux
uname -v = #107~18.04.1-Ubuntu SMP Fri Mar 17 16:49:05 UTC 2023

/usr/bin/uname -p = unknown
/bin/uname -X     = unknown

/bin/arch              = unknown
/usr/bin/arch -k       = unknown
/usr/convex/getsysinfo = unknown
/usr/bin/hostinfo      = unknown
/bin/machine           = unknown
/usr/bin/oslevel       = unknown
/bin/universe          = unknown

PATH: /home/ubuntu/.vscode-server/bin/af28b32d7e553898b2a91af498b1fb666fdebe0c/bin/remote-cli
PATH: /usr/local/sbin
PATH: /usr/local/bin
PATH: /usr/sbin
PATH: /usr/bin
PATH: /sbin
PATH: /bin
PATH: /usr/games
PATH: /usr/local/games
PATH: /snap/bin


## ----------- ##
## Core tests. ##
## ----------- ##

configure:3162: checking build system type
configure:3173: error: /bin/bash ./config.sub make failed

## ---------------- ##
## Cache variables. ##
## ---------------- ##

ac_cv_build=
ac_cv_env_CCC_set=
ac_cv_env_CCC_value=
ac_cv_env_CC_set=
ac_cv_env_CC_value=
ac_cv_env_CFLAGS_set=
ac_cv_env_CFLAGS_value=
ac_cv_env_CPPFLAGS_set=
ac_cv_env_CPPFLAGS_value=
ac_cv_env_CPP_set=
ac_cv_env_CPP_value=
ac_cv_env_CXXCPP_set=
ac_cv_env_CXXCPP_value=
ac_cv_env_CXXFLAGS_set=
ac_cv_env_CXXFLAGS_value=
ac_cv_env_CXX_set=
ac_cv_env_CXX_value=
ac_cv_env_F77_set=
ac_cv_env_F77_value=
ac_cv_env_FFLAGS_set=
ac_cv_env_FFLAGS_value=
ac_cv_env_LDFLAGS_set=
ac_cv_env_LDFLAGS_value=
ac_cv_env_LIBS_set=
ac_cv_env_LIBS_value=
ac_cv_env_XMKMF_set=
ac_cv_env_XMKMF_value=
ac_cv_env_build_alias_set=set
ac_cv_env_build_alias_value=make
ac_cv_env_host_alias_set=set
ac_cv_env_host_alias_value=make
ac_cv_env_target_alias_set=set
ac_cv_env_target_alias_value=make

## ----------------- ##
## Output variables. ##
## ----------------- ##

AR=''
BUILD_DOCBOOK_VAR=''
BXIMAGE_LINK_OPTS=''
BX_LARGE_RAMFILE=''
BX_USE_IDLE_HACK=''
CC=''
CDROM_OBJS=''
CD_UP_ONE=''
CD_UP_THREE=''
CD_UP_TWO=''
CFLAGS=''
CFP=''
CLEAN_DOCBOOK_VAR=''
CLEAN_PCIDEV_VAR=''
COMMAND_SEPARATOR=''
CPP=''
CPPFLAGS=''
CPP_SUFFIX=''
CXX=''
CXXCPP=''
CXXFLAGS=''
CXXFP=''
DASH=''
DEBUGGER_VAR=''
DEFINE_PLUGIN_PATH=''
DEFS=''
DEPMOD=''
DEVICE_LINK_OPTS=''
DIALOG_OBJS=''
DISASM_VAR=''
DISPLAY_LIB_VAR=''
DISPLAY_OBJS=''
DOCBOOK2HTML=''
ECHO='echo'
ECHO_C=''
ECHO_N='-n'
ECHO_T=''
EGREP=''
ENH_DBG_OBJS=''
EXE=''
EXEEXT=''
EXPORT_DYNAMIC=''
EXTERNAL_DEPENDENCY=''
EXTRA_BX_OBJS=''
EXTRA_LINK_OPTS=''
F77=''
FFLAGS=''
FLEX=''
FPU_VAR=''
GAME_OBJS=''
GDBSTUB_VAR=''
GREP=''
GUI_CFLAGS=''
GUI_CXXFLAGS=''
GUI_LINK_OPTS=''
GUI_LINK_OPTS_TERM=''
GUI_LINK_OPTS_WX=''
GUI_NON_PLUGIN_OBJS=''
GUI_OBJS=''
GUI_PLUGIN_OBJS=''
GZIP=''
HDIMAGE_LIB_VAR=''
INLINE_VAR=''
INSMOD=''
INSTALL_DOCBOOK_VAR=''
INSTALL_LIST_FOR_PLATFORM=''
INSTALL_PLUGINS_VAR=''
INSTALL_TARGET=''
INSTRUMENT_DIR=''
INSTRUMENT_VAR=''
IODEBUG_OBJS=''
IODEV_EXT_NON_PLUGIN_OBJS=''
IODEV_EXT_PLUGIN_OBJS=''
IODEV_LIB_VAR=''
IODEV_NON_PLUGIN_OBJS=''
IODEV_PLUGIN_OBJS=''
KERNELDIR=''
KERNEL_MODULE_SUFFIX=''
LDFLAGS=''
LIBADD_DL=''
LIBOBJS=''
LIBS=''
LIBTOOL=''
LINK=''
LINK_CONSOLE=''
LN_S=''
LSMOD=''
LTLIBOBJS=''
MAKELIB=''
NETDEV_OBJS=''
NETLOW_OBJS=''
NETWORK_LIB_VAR=''
NONINLINE_VAR=''
NONPLUGIN_GUI_LINK_OPTS=''
NO_FLEX_YACC=''
OBJEXT=''
OBJS64=''
OFP=''
PACKAGE_BUGREPORT=''
PACKAGE_NAME=''
PACKAGE_STRING=''
PACKAGE_TARNAME=''
PACKAGE_URL=''
PACKAGE_VERSION=''
PATH_SEPARATOR=':'
PCIDEV_MODULE_MAKE_ALL=''
PCI_OBJ=''
PKGCONFIG=''
PLUGIN_LIBNAME_TRANSFORMATION=''
PLUGIN_TARGET=''
PLUGIN_VAR=''
PRIMARY_TARGET=''
PTHREAD_CC=''
PTHREAD_CFLAGS=''
PTHREAD_LIBS=''
RANLIB=''
RC_CMD=''
READLINE_LIB=''
REL_STRING='Built from SVN snapshot on May 26, 2013'
RFB_LIBS=''
RMCOMMAND=''
RMMOD=''
SCSI_OBJS=''
SET_MAKE=''
SHELL='/bin/bash'
SLASH=''
SOUNDCARD_OBJS=''
SOUNDLOW_OBJS=''
SOUND_LIB_VAR=''
SOUND_LINK_OPTS=''
STRIP=''
SUFFIX_LINE=''
TAR=''
TOOLKIT_CXXFLAGS=''
USBCORE_OBJ=''
USBDEV_OBJS=''
USBHC_OBJS=''
USB_LIB_VAR=''
VERSION='2.6.2'
VER_STRING='2.6.2'
WGET=''
WIN_VER_STRING='2, 6, 2, 0'
WX_CFLAGS=''
WX_CONFIG=''
WX_CXXFLAGS=''
XMKMF=''
X_CFLAGS=''
X_EXTRA_LIBS=''
X_LIBS=''
X_PRE_LIBS=''
YACC=''
ac_ct_CC=''
ac_ct_CXX=''
ac_ct_F77=''
bindir='${exec_prefix}/bin'
build='make'
build_alias='make'
build_cpu=''
build_os=''
build_vendor=''
datadir='${datarootdir}'
datarootdir='${prefix}/share'
docdir='${datarootdir}/doc/${PACKAGE}'
dvidir='${docdir}'
exec_prefix='NONE'
host='make'
host_alias='make'
host_cpu=''
host_os=''
host_vendor=''
htmldir='${docdir}'
includedir='${prefix}/include'
infodir='${datarootdir}/info'
libdir='${exec_prefix}/lib'
libexecdir='${exec_prefix}/libexec'
localedir='${datarootdir}/locale'
localstatedir='${prefix}/var'
mandir='${datarootdir}/man'
oldincludedir='/usr/include'
pdfdir='${docdir}'
prefix='NONE'
program_transform_name='s,x,x,'
psdir='${docdir}'
sbindir='${exec_prefix}/sbin'
sharedstatedir='${prefix}/com'
sysconfdir='${prefix}/etc'
target='make'
target_alias='make'
target_cpu=''
target_os=''
target_vendor=''

## ----------- ##
## confdefs.h. ##
## ----------- ##

/* confdefs.h */
#define PACKAGE_NAME ""
#define PACKAGE_TARNAME ""
#define PACKAGE_VERSION ""
#define PACKAGE_STRING ""
#define PACKAGE_BUGREPORT ""
#define PACKAGE_URL ""

configure: exit 1
